<?xml version="1.0" encoding="UTF-8"?>
<testsuite name="DescuentosTest" tests="1" skipped="0" failures="0" errors="0" timestamp="2023-04-10T05:58:45" hostname="laptopXander" time="0.04">
  <properties/>
  <testcase name="Prueba metodo 2:  dos a 3 camisas" classname="DescuentosTest" time="0.04"/>
  <system-out><![CDATA[]]></system-out>
  <system-err><![CDATA[]]></system-err>
</testsuite>
